{"C:\\Users\\ansar\\OneDrive\\Documents\\GitHub\\To-do-list-new\\src\\modules\\addTask.js": {"path":"C:\\Users\\ansar\\OneDrive\\Documents\\GitHub\\To-do-list-new\\src\\modules\\addTask.js","statementMap":{"0":{"start":{"line":5,"column":18},"end":{"line":9,"column":3}},"1":{"start":{"line":11,"column":2},"end":{"line":11,"column":22}},"2":{"start":{"line":12,"column":2},"end":{"line":12,"column":14}},"3":{"start":{"line":13,"column":2},"end":{"line":13,"column":19}}},"fnMap":{"0":{"name":"addTask","decl":{"start":{"line":4,"column":24},"end":{"line":4,"column":31}},"loc":{"start":{"line":4,"column":45},"end":{"line":14,"column":1}},"line":4}},"branchMap":{},"s":{"0":1,"1":1,"2":1,"3":1},"f":{"0":1},"b":{},"_coverageSchema":"1a1c01bbd47fc00a2c39e90264f33305004495a9","hash":"b71948a70b655268bdfcdcb2a6d52c8716a3a9e9"}
,"C:\\Users\\ansar\\OneDrive\\Documents\\GitHub\\To-do-list-new\\src\\modules\\clearAll.js": {"path":"C:\\Users\\ansar\\OneDrive\\Documents\\GitHub\\To-do-list-new\\src\\modules\\clearAll.js","statementMap":{"0":{"start":{"line":3,"column":20},"end":{"line":3,"column":60}},"1":{"start":{"line":6,"column":25},"end":{"line":6,"column":61}},"2":{"start":{"line":6,"column":46},"end":{"line":6,"column":60}},"3":{"start":{"line":7,"column":2},"end":{"line":7,"column":41}}},"fnMap":{"0":{"name":"updateClearAllButton","decl":{"start":{"line":5,"column":24},"end":{"line":5,"column":44}},"loc":{"start":{"line":5,"column":47},"end":{"line":8,"column":1}},"line":5},"1":{"name":"(anonymous_1)","decl":{"start":{"line":6,"column":36},"end":{"line":6,"column":37}},"loc":{"start":{"line":6,"column":46},"end":{"line":6,"column":60}},"line":6}},"branchMap":{},"s":{"0":2,"1":0,"2":0,"3":0},"f":{"0":0,"1":0},"b":{},"_coverageSchema":"1a1c01bbd47fc00a2c39e90264f33305004495a9","hash":"a8a115b42c9040631e34e1d4f11764b80b2bac08"}
,"C:\\Users\\ansar\\OneDrive\\Documents\\GitHub\\To-do-list-new\\src\\modules\\deleteTask.js": {"path":"C:\\Users\\ansar\\OneDrive\\Documents\\GitHub\\To-do-list-new\\src\\modules\\deleteTask.js","statementMap":{"0":{"start":{"line":5,"column":2},"end":{"line":5,"column":25}},"1":{"start":{"line":6,"column":2},"end":{"line":6,"column":22}},"2":{"start":{"line":7,"column":2},"end":{"line":7,"column":14}},"3":{"start":{"line":8,"column":2},"end":{"line":8,"column":19}}},"fnMap":{"0":{"name":"deleteTask","decl":{"start":{"line":4,"column":24},"end":{"line":4,"column":34}},"loc":{"start":{"line":4,"column":42},"end":{"line":9,"column":1}},"line":4}},"branchMap":{},"s":{"0":4,"1":4,"2":4,"3":4},"f":{"0":4},"b":{},"_coverageSchema":"1a1c01bbd47fc00a2c39e90264f33305004495a9","hash":"5d3ec182377ab6dec959d5296cd970b88abe9e2e"}
,"C:\\Users\\ansar\\OneDrive\\Documents\\GitHub\\To-do-list-new\\src\\modules\\editTask.js": {"path":"C:\\Users\\ansar\\OneDrive\\Documents\\GitHub\\To-do-list-new\\src\\modules\\editTask.js","statementMap":{"0":{"start":{"line":4,"column":16},"end":{"line":4,"column":47}},"1":{"start":{"line":5,"column":2},"end":{"line":5,"column":22}},"2":{"start":{"line":6,"column":2},"end":{"line":6,"column":38}},"3":{"start":{"line":7,"column":2},"end":{"line":7,"column":44}},"4":{"start":{"line":9,"column":28},"end":{"line":14,"column":3}},"5":{"start":{"line":10,"column":27},"end":{"line":10,"column":45}},"6":{"start":{"line":11,"column":4},"end":{"line":13,"column":5}},"7":{"start":{"line":12,"column":6},"end":{"line":12,"column":51}},"8":{"start":{"line":16,"column":2},"end":{"line":20,"column":5}},"9":{"start":{"line":17,"column":4},"end":{"line":19,"column":5}},"10":{"start":{"line":18,"column":6},"end":{"line":18,"column":26}},"11":{"start":{"line":22,"column":2},"end":{"line":24,"column":5}},"12":{"start":{"line":23,"column":4},"end":{"line":23,"column":24}},"13":{"start":{"line":26,"column":2},"end":{"line":26,"column":37}},"14":{"start":{"line":27,"column":2},"end":{"line":27,"column":16}}},"fnMap":{"0":{"name":"makeTaskEditable","decl":{"start":{"line":3,"column":24},"end":{"line":3,"column":40}},"loc":{"start":{"line":3,"column":65},"end":{"line":28,"column":1}},"line":3},"1":{"name":"(anonymous_1)","decl":{"start":{"line":9,"column":28},"end":{"line":9,"column":29}},"loc":{"start":{"line":9,"column":34},"end":{"line":14,"column":3}},"line":9},"2":{"name":"(anonymous_2)","decl":{"start":{"line":16,"column":36},"end":{"line":16,"column":37}},"loc":{"start":{"line":16,"column":47},"end":{"line":20,"column":3}},"line":16},"3":{"name":"(anonymous_3)","decl":{"start":{"line":22,"column":33},"end":{"line":22,"column":34}},"loc":{"start":{"line":22,"column":39},"end":{"line":24,"column":3}},"line":22}},"branchMap":{"0":{"loc":{"start":{"line":11,"column":4},"end":{"line":13,"column":5}},"type":"if","locations":[{"start":{"line":11,"column":4},"end":{"line":13,"column":5}},{"start":{},"end":{}}],"line":11},"1":{"loc":{"start":{"line":17,"column":4},"end":{"line":19,"column":5}},"type":"if","locations":[{"start":{"line":17,"column":4},"end":{"line":19,"column":5}},{"start":{},"end":{}}],"line":17}},"s":{"0":0,"1":0,"2":0,"3":0,"4":0,"5":0,"6":0,"7":0,"8":0,"9":0,"10":0,"11":0,"12":0,"13":0,"14":0},"f":{"0":0,"1":0,"2":0,"3":0},"b":{"0":[0,0],"1":[0,0]},"_coverageSchema":"1a1c01bbd47fc00a2c39e90264f33305004495a9","hash":"cda313bd5d32ba6d2e54d7855bb9d2090131e4f1"}
,"C:\\Users\\ansar\\OneDrive\\Documents\\GitHub\\To-do-list-new\\src\\modules\\renderFunctions.js": {"path":"C:\\Users\\ansar\\OneDrive\\Documents\\GitHub\\To-do-list-new\\src\\modules\\renderFunctions.js","statementMap":{"0":{"start":{"line":6,"column":21},"end":{"line":11,"column":3}},"1":{"start":{"line":7,"column":4},"end":{"line":7,"column":27}},"2":{"start":{"line":8,"column":4},"end":{"line":8,"column":24}},"3":{"start":{"line":9,"column":4},"end":{"line":9,"column":16}},"4":{"start":{"line":10,"column":4},"end":{"line":10,"column":21}},"5":{"start":{"line":12,"column":19},"end":{"line":12,"column":55}},"6":{"start":{"line":13,"column":2},"end":{"line":13,"column":26}},"7":{"start":{"line":15,"column":2},"end":{"line":71,"column":5}},"8":{"start":{"line":16,"column":21},"end":{"line":16,"column":49}},"9":{"start":{"line":17,"column":4},"end":{"line":17,"column":24}},"10":{"start":{"line":18,"column":4},"end":{"line":18,"column":54}},"11":{"start":{"line":20,"column":21},"end":{"line":20,"column":52}},"12":{"start":{"line":21,"column":4},"end":{"line":21,"column":31}},"13":{"start":{"line":22,"column":4},"end":{"line":22,"column":38}},"14":{"start":{"line":23,"column":4},"end":{"line":23,"column":33}},"15":{"start":{"line":25,"column":32},"end":{"line":31,"column":5}},"16":{"start":{"line":26,"column":6},"end":{"line":30,"column":7}},"17":{"start":{"line":27,"column":8},"end":{"line":27,"column":57}},"18":{"start":{"line":28,"column":8},"end":{"line":28,"column":20}},"19":{"start":{"line":29,"column":8},"end":{"line":29,"column":25}},"20":{"start":{"line":33,"column":4},"end":{"line":36,"column":7}},"21":{"start":{"line":34,"column":24},"end":{"line":34,"column":33}},"22":{"start":{"line":35,"column":6},"end":{"line":35,"column":37}},"23":{"start":{"line":38,"column":28},"end":{"line":38,"column":58}},"24":{"start":{"line":39,"column":4},"end":{"line":39,"column":45}},"25":{"start":{"line":40,"column":4},"end":{"line":40,"column":46}},"26":{"start":{"line":42,"column":4},"end":{"line":44,"column":7}},"27":{"start":{"line":43,"column":6},"end":{"line":43,"column":51}},"28":{"start":{"line":46,"column":25},"end":{"line":46,"column":57}},"29":{"start":{"line":47,"column":4},"end":{"line":47,"column":42}},"30":{"start":{"line":48,"column":4},"end":{"line":48,"column":71}},"31":{"start":{"line":49,"column":4},"end":{"line":60,"column":7}},"32":{"start":{"line":50,"column":23},"end":{"line":50,"column":46}},"33":{"start":{"line":51,"column":25},"end":{"line":51,"column":64}},"34":{"start":{"line":52,"column":19},"end":{"line":52,"column":61}},"35":{"start":{"line":52,"column":40},"end":{"line":52,"column":60}},"36":{"start":{"line":54,"column":6},"end":{"line":59,"column":7}},"37":{"start":{"line":55,"column":26},"end":{"line":55,"column":73}},"38":{"start":{"line":55,"column":52},"end":{"line":55,"column":72}},"39":{"start":{"line":56,"column":8},"end":{"line":58,"column":9}},"40":{"start":{"line":57,"column":10},"end":{"line":57,"column":32}},"41":{"start":{"line":62,"column":4},"end":{"line":64,"column":5}},"42":{"start":{"line":63,"column":6},"end":{"line":63,"column":54}},"43":{"start":{"line":66,"column":4},"end":{"line":66,"column":35}},"44":{"start":{"line":67,"column":4},"end":{"line":67,"column":42}},"45":{"start":{"line":68,"column":4},"end":{"line":68,"column":39}},"46":{"start":{"line":70,"column":4},"end":{"line":70,"column":35}},"47":{"start":{"line":73,"column":2},"end":{"line":73,"column":25}}},"fnMap":{"0":{"name":"renderTaskList","decl":{"start":{"line":5,"column":24},"end":{"line":5,"column":38}},"loc":{"start":{"line":5,"column":41},"end":{"line":74,"column":1}},"line":5},"1":{"name":"(anonymous_1)","decl":{"start":{"line":6,"column":21},"end":{"line":6,"column":22}},"loc":{"start":{"line":6,"column":32},"end":{"line":11,"column":3}},"line":6},"2":{"name":"(anonymous_2)","decl":{"start":{"line":15,"column":16},"end":{"line":15,"column":17}},"loc":{"start":{"line":15,"column":55},"end":{"line":71,"column":3}},"line":15},"3":{"name":"(anonymous_3)","decl":{"start":{"line":25,"column":32},"end":{"line":25,"column":33}},"loc":{"start":{"line":25,"column":43},"end":{"line":31,"column":5}},"line":25},"4":{"name":"(anonymous_4)","decl":{"start":{"line":33,"column":40},"end":{"line":33,"column":41}},"loc":{"start":{"line":33,"column":46},"end":{"line":36,"column":5}},"line":33},"5":{"name":"(anonymous_5)","decl":{"start":{"line":42,"column":46},"end":{"line":42,"column":47}},"loc":{"start":{"line":42,"column":52},"end":{"line":44,"column":5}},"line":42},"6":{"name":"(anonymous_6)","decl":{"start":{"line":49,"column":43},"end":{"line":49,"column":44}},"loc":{"start":{"line":49,"column":54},"end":{"line":60,"column":5}},"line":49},"7":{"name":"(anonymous_7)","decl":{"start":{"line":52,"column":30},"end":{"line":52,"column":31}},"loc":{"start":{"line":52,"column":40},"end":{"line":52,"column":60}},"line":52},"8":{"name":"(anonymous_8)","decl":{"start":{"line":55,"column":42},"end":{"line":55,"column":43}},"loc":{"start":{"line":55,"column":52},"end":{"line":55,"column":72}},"line":55}},"branchMap":{"0":{"loc":{"start":{"line":18,"column":25},"end":{"line":18,"column":53}},"type":"cond-expr","locations":[{"start":{"line":18,"column":37},"end":{"line":18,"column":48}},{"start":{"line":18,"column":51},"end":{"line":18,"column":53}}],"line":18},"1":{"loc":{"start":{"line":26,"column":6},"end":{"line":30,"column":7}},"type":"if","locations":[{"start":{"line":26,"column":6},"end":{"line":30,"column":7}},{"start":{},"end":{}}],"line":26},"2":{"loc":{"start":{"line":54,"column":6},"end":{"line":59,"column":7}},"type":"if","locations":[{"start":{"line":54,"column":6},"end":{"line":59,"column":7}},{"start":{},"end":{}}],"line":54},"3":{"loc":{"start":{"line":54,"column":10},"end":{"line":54,"column":48}},"type":"binary-expr","locations":[{"start":{"line":54,"column":10},"end":{"line":54,"column":20}},{"start":{"line":54,"column":25},"end":{"line":54,"column":29}},{"start":{"line":54,"column":33},"end":{"line":54,"column":47}}],"line":54},"4":{"loc":{"start":{"line":56,"column":8},"end":{"line":58,"column":9}},"type":"if","locations":[{"start":{"line":56,"column":8},"end":{"line":58,"column":9}},{"start":{},"end":{}}],"line":56},"5":{"loc":{"start":{"line":62,"column":4},"end":{"line":64,"column":5}},"type":"if","locations":[{"start":{"line":62,"column":4},"end":{"line":64,"column":5}},{"start":{},"end":{}}],"line":62}},"s":{"0":0,"1":0,"2":0,"3":0,"4":0,"5":0,"6":0,"7":0,"8":0,"9":0,"10":0,"11":0,"12":0,"13":0,"14":0,"15":0,"16":0,"17":0,"18":0,"19":0,"20":0,"21":0,"22":0,"23":0,"24":0,"25":0,"26":0,"27":0,"28":0,"29":0,"30":0,"31":0,"32":0,"33":0,"34":0,"35":0,"36":0,"37":0,"38":0,"39":0,"40":0,"41":0,"42":0,"43":0,"44":0,"45":0,"46":0,"47":0},"f":{"0":0,"1":0,"2":0,"3":0,"4":0,"5":0,"6":0,"7":0,"8":0},"b":{"0":[0,0],"1":[0,0],"2":[0,0],"3":[0,0,0],"4":[0,0],"5":[0,0]},"_coverageSchema":"1a1c01bbd47fc00a2c39e90264f33305004495a9","hash":"feae13aa1fbf555554488257eb27ccb9d6ed7e0d"}
,"C:\\Users\\ansar\\OneDrive\\Documents\\GitHub\\To-do-list-new\\src\\modules\\taskFunctions.js": {"path":"C:\\Users\\ansar\\OneDrive\\Documents\\GitHub\\To-do-list-new\\src\\modules\\taskFunctions.js","statementMap":{"0":{"start":{"line":2,"column":12},"end":{"line":2,"column":14}},"1":{"start":{"line":4,"column":18},"end":{"line":6,"column":1}},"2":{"start":{"line":5,"column":2},"end":{"line":5,"column":55}},"3":{"start":{"line":8,"column":18},"end":{"line":11,"column":1}},"4":{"start":{"line":9,"column":21},"end":{"line":9,"column":50}},"5":{"start":{"line":10,"column":2},"end":{"line":10,"column":51}},"6":{"start":{"line":13,"column":26},"end":{"line":17,"column":1}},"7":{"start":{"line":14,"column":2},"end":{"line":16,"column":5}},"8":{"start":{"line":15,"column":4},"end":{"line":15,"column":27}},"9":{"start":{"line":19,"column":30},"end":{"line":24,"column":1}},"10":{"start":{"line":20,"column":2},"end":{"line":23,"column":3}},"11":{"start":{"line":21,"column":4},"end":{"line":21,"column":43}},"12":{"start":{"line":22,"column":4},"end":{"line":22,"column":16}}},"fnMap":{"0":{"name":"(anonymous_0)","decl":{"start":{"line":4,"column":18},"end":{"line":4,"column":19}},"loc":{"start":{"line":4,"column":24},"end":{"line":6,"column":1}},"line":4},"1":{"name":"(anonymous_1)","decl":{"start":{"line":8,"column":18},"end":{"line":8,"column":19}},"loc":{"start":{"line":8,"column":24},"end":{"line":11,"column":1}},"line":8},"2":{"name":"(anonymous_2)","decl":{"start":{"line":13,"column":26},"end":{"line":13,"column":27}},"loc":{"start":{"line":13,"column":32},"end":{"line":17,"column":1}},"line":13},"3":{"name":"(anonymous_3)","decl":{"start":{"line":14,"column":16},"end":{"line":14,"column":17}},"loc":{"start":{"line":14,"column":33},"end":{"line":16,"column":3}},"line":14},"4":{"name":"(anonymous_4)","decl":{"start":{"line":19,"column":30},"end":{"line":19,"column":31}},"loc":{"start":{"line":19,"column":54},"end":{"line":24,"column":1}},"line":19}},"branchMap":{"0":{"loc":{"start":{"line":10,"column":10},"end":{"line":10,"column":50}},"type":"cond-expr","locations":[{"start":{"line":10,"column":23},"end":{"line":10,"column":45}},{"start":{"line":10,"column":48},"end":{"line":10,"column":50}}],"line":10},"1":{"loc":{"start":{"line":20,"column":2},"end":{"line":23,"column":3}},"type":"if","locations":[{"start":{"line":20,"column":2},"end":{"line":23,"column":3}},{"start":{},"end":{}}],"line":20}},"s":{"0":5,"1":5,"2":1,"3":5,"4":0,"5":0,"6":5,"7":0,"8":0,"9":5,"10":0,"11":0,"12":0},"f":{"0":1,"1":0,"2":0,"3":0,"4":0},"b":{"0":[0,0],"1":[0,0]},"_coverageSchema":"1a1c01bbd47fc00a2c39e90264f33305004495a9","hash":"07b518804eb82f8e66e3685b3b5604bed0c63d56"}
}
